src/app/app.component.spec.ts
src/app/app.component.ts
src/components/chart-component/chart-component.ts
src/components/expandable-header/expandable-header.spec.ts
src/components/footer-menu/footer-menu.ts
src/components/price-chart/price-chart.ts
src/pages/add/create-wallet/create-wallet.ts
src/pages/add/import-wallet/import-wallet.spec.ts
src/pages/add/import-wallet/import-wallet.ts
src/pages/add/join-wallet/join-wallet.ts
src/pages/backup/backup-key/backup-key.ts
src/pages/buy-crypto/country-selector/country-selector.ts
src/pages/buy-crypto/crypto-offers/crypto-offers.ts
src/pages/buy-crypto/crypto-order-summary/crypto-order-summary.ts
src/pages/cards/cards.ts
src/pages/exchange-crypto/exchange-checkout/exchange-checkout.ts
src/pages/exchange-crypto/exchange-crypto.ts
src/pages/feedback/send-feedback/send-feedback.ts
src/pages/home/home.ts
src/pages/integrations/bitpay-card/bitpay-card-intro/bitpay-card-intro.ts
src/pages/integrations/bitpay-card/bitpay-card-topup/bitpay-card-topup.ts
src/pages/integrations/coinbase/coinbase-account/coinbase-account.ts
src/pages/integrations/gift-cards/confirm-card-purchase/confirm-card-purchase.ts
src/pages/integrations/wallet-connect/wallet-connect.ts
src/pages/integrations/wyre/wyre-details/wyre-details.ts
src/pages/integrations/wyre/wyre.ts
src/pages/paper-wallet/paper-wallet.ts
src/pages/receive/custom-amount/custom-amount.ts
src/pages/send/amount/amount.spec.ts
src/pages/send/amount/amount.ts
src/pages/send/confirm/confirm.spec.ts
src/pages/send/confirm/confirm.ts
src/pages/send/multi-send/multi-send.ts
src/pages/send/select-inputs/select-inputs.ts
src/pages/send/send.spec.ts
src/pages/send/send.ts
src/pages/send/transfer-to/transfer-to.spec.ts
src/pages/settings/about/about.spec.ts
src/pages/settings/about/session-log/session-log.spec.ts
src/pages/settings/language/language.spec.ts
src/pages/settings/notifications/notifications.spec.ts
src/pages/settings/settings.ts
src/pages/settings/share/share.ts
src/pages/settings/wallet-settings/wallet-settings-advanced/wallet-addresses/all-addresses/all-addresses.ts
src/pages/settings/wallet-settings/wallet-settings-advanced/wallet-addresses/wallet-addresses.ts
src/pages/settings/wallet-settings/wallet-settings-advanced/wallet-duplicate/wallet-duplicate.ts
src/pages/settings/wallet-settings/wallet-settings-advanced/wallet-export/wallet-export.ts
src/pages/settings/wallet-settings/wallet-settings-advanced/wallet-transaction-history/wallet-transaction-history.ts
src/pages/tabs/tabs.ts
src/pages/tx-details/tx-details.ts
src/pages/txp-details/txp-details.ts
src/pages/wallet-details/wallet-details.spec.ts
src/pages/wallet-details/wallet-details.ts
src/pages/wallets/proposals-notifications/proposals-notifications.ts
src/pages/wallets/wallets.ts
src/pipes/order-by.ts
src/providers/address/address.spec.ts
src/providers/address/address.ts
src/providers/address-book/address-book.spec.ts
src/providers/address-book/address-book.ts
src/providers/analytics/analytics.ts
src/providers/app/app.spec.ts
src/providers/app-identity/app-identity.spec.ts
src/providers/backup/backup.spec.ts
src/providers/bitpay-account/bitpay-account.ts
src/providers/bitpay-card/bitpay-card.ts
src/providers/bitpay-id/bitpay-id.ts
src/providers/buy-crypto/buy-crypto.ts
src/providers/bwc-error/bwc-error.spec.ts
src/providers/bwc-error/bwc-error.ts
src/providers/changelly/changelly.ts
src/providers/clipboard/clipboard.spec.ts
src/providers/coinbase/coinbase.ts
src/providers/config/config.spec.ts
src/providers/config/config.ts
src/providers/currency/coin.ts
src/providers/currency/currency.ts
src/providers/derivation-path-helper/derivation-path-helper.spec.ts
src/providers/download/download.spec.ts
src/providers/email-notifications/email-notifications.spec.ts
src/providers/feedback/feedback.spec.ts
src/providers/fee/fee.spec.ts
src/providers/fee/fee.ts
src/providers/gift-card/gift-card.spec.ts
src/providers/gift-card/gift-card.ts
src/providers/in-app-browser/card.ts
src/providers/in-app-browser/in-app-browser.ts
src/providers/incoming-data/incoming-data.spec.ts
src/providers/incoming-data/incoming-data.ts
src/providers/key/key.spec.ts
src/providers/language/language.spec.ts
src/providers/logger/logger.spec.ts
src/providers/on-going-process/on-going-process.ts
src/providers/paypro/paypro.spec.ts
src/providers/persistence/persistence.spec.ts
src/providers/persistence/persistence.ts
src/providers/platform/platform.spec.ts
src/providers/popup/popup.spec.ts
src/providers/profile/profile.spec.ts
src/providers/profile/profile.ts
src/providers/rate/rate.spec.ts
src/providers/release/release.spec.ts
src/providers/replace-parameters/replace-parameters.spec.ts
src/providers/scan/scan.spec.ts
src/providers/simplex/simplex.ts
src/providers/tx-confirm-notification/tx-confirm-notification.spec.ts
src/providers/tx-format/tx-format.spec.ts
src/providers/tx-format/tx-format.ts
src/providers/wallet-connect/wallet-connect.ts
src/providers/wallet/mocks/pending-txp.mock.ts
src/providers/wallet/wallet.spec.ts
src/providers/wallet/wallet.ts
src/test.ts
