> lint@1.2.0 lint
src/app/app.scss
src/assets/fonts/ionicons.scss
src/assets/fonts/noto-sans.scss
src/assets/fonts/roboto.scss
src/components/action-card/action-card.scss
src/components/action-card-v4/action-card-v4.scss
src/components/action-sheet/action-sheet.scss
src/components/add-button/add-button.scss
src/components/amount-picker/amount-picker.scss
src/components/balance-to-show/balance-to-show.scss
src/components/coin-icon/coin-icon.scss
src/components/email-component/email-component.scss
src/components/encrypt-password/encrypt-password.scss
src/components/exchange-rates/exchange-rates.scss
src/components/footer-menu/footer-menu.scss
src/components/info-sheet/info-sheet.scss
src/components/label-tip/label-tip.scss
src/components/memo-component/memo-component.scss
src/components/miner-fee-warning/miner-fee-warning.scss
src/components/notification-component/notification-component.scss
src/components/options-sheet/options-sheet.scss
src/components/phone-sheet/phone-sheet.scss
src/components/price-chart/price-chart.scss
src/components/search-bar/search-bar.scss
src/components/wallet-item-content/wallet-item-content.scss
src/components/wallet-receive/wallet-receive.scss
src/components/wallet-selector/wallet-selector.scss
src/components/wallet-tab-options/wallet-tab-options.scss
src/directives/animate/animate.scss
src/pages/add/add.scss
src/pages/add/copayers/copayers.scss
src/pages/add/create-eth-multisig/create-eth-multisig.scss
src/pages/add/create-wallet/create-wallet.scss
src/pages/add/custom-token/custom-token.scss
src/pages/add/custom-token/search-token-modal/search-token-modal.scss
src/pages/add/import-wallet/import-wallet.scss
src/pages/add/join-wallet/join-wallet.scss
src/pages/add/select-currency/select-currency.scss
src/pages/add-wallet/add-wallet.scss
src/pages/backup/backup-game/backup-game.scss
src/pages/backup/backup-key/backup-key.scss
src/pages/buy-crypto/country-selector/country-selector.scss
src/pages/buy-crypto/crypto-coin-selector/crypto-coin-selector.scss
src/pages/buy-crypto/crypto-offers/crypto-offers.scss
src/pages/buy-crypto/crypto-order-summary/crypto-order-summary.scss
src/pages/buy-crypto/crypto-payment-method/crypto-payment-method.scss
src/pages/buy-crypto/crypto-settings/crypto-settings.scss
src/pages/cards/cards.scss
src/pages/choose-fee-level/choose-fee-level.scss
src/pages/exchange-crypto/exchange-checkout/exchange-checkout.scss
src/pages/exchange-crypto/exchange-crypto.scss
src/pages/exchange-crypto/exchange-crypto-settings/exchange-crypto-settings.scss
src/pages/feedback/send-feedback/send-feedback.scss
src/pages/fingerprint/fingerprint.scss
src/pages/finish/finish.scss
src/pages/home/home.scss
src/pages/home/price-page/price-page.scss
src/pages/includes/card-item/card-item.scss
src/pages/includes/coin-selector/coin-selector.scss
src/pages/includes/create-new-wallet/create-new-wallet.scss
src/pages/includes/feedback-card/feedback-card.scss
src/pages/includes/gravatar/gravatar.scss
src/pages/includes/multiple-outputs/multiple-outputs.scss
src/pages/includes/txp/txp.scss
src/pages/integrations/bitpay-card/bitpay-card-home/bitpay-card-home.scss
src/pages/integrations/bitpay-card/bitpay-card-intro/bitpay-card-intro.scss
src/pages/integrations/bitpay-card/bitpay-card-phases/phase-one/phase-one-intro-page/phase-one-into-page.scss
src/pages/integrations/bitpay-card/bitpay-card.scss
src/pages/integrations/bitpay-card/bitpay-card-topup/bitpay-card-topup.scss
src/pages/integrations/bitpay-card/bitpay-settings/bitpay-settings.scss
src/pages/integrations/changelly/changelly-details/changelly-details.scss
src/pages/integrations/changelly/changelly.scss
src/pages/integrations/coinbase/coinbase-account/coinbase-account.scss
src/pages/integrations/coinbase/coinbase.scss
src/pages/integrations/coinbase/coinbase-tx-details/coinbase-tx-details.scss
src/pages/integrations/coinbase/coinbase-withdraw/coinbase-withdraw.scss
src/pages/integrations/gift-cards/buy-card/buy-card.scss
src/pages/integrations/gift-cards/buy-card/card-description/card-description.scss
src/pages/integrations/gift-cards/card-catalog/card-catalog.scss
src/pages/integrations/gift-cards/card-details/card-details.scss
src/pages/integrations/gift-cards/card-details/printable-card/printable-card.scss
src/pages/integrations/gift-cards/card-details/redeem-instructions/redeem-instructions.scss
src/pages/integrations/gift-cards/card-terms/card-terms.scss
src/pages/integrations/gift-cards/confirm-card-purchase/confirm-card-purchase.scss
src/pages/integrations/gift-cards/gift-cards.scss
src/pages/integrations/gift-cards/gift-cards-settings/gift-cards-settings.scss
src/pages/integrations/gift-cards/home-gift-cards/gift-card-item/gift-card-item.scss
src/pages/integrations/gift-cards/home-gift-cards/home-gift-cards.scss
src/pages/integrations/gift-cards/phone/phone.scss
src/pages/integrations/gift-cards/purchased-cards/card-list-item/card-list-item.scss
src/pages/integrations/invoice/select-invoice/select-invoice.scss
src/pages/integrations/simplex/simplex-details/simplex-details.scss
src/pages/integrations/simplex/simplex.scss
src/pages/integrations/wallet-connect/wallet-connect.scss
src/pages/integrations/wallet-connect/wallet-connect-settings/wallet-connect-settings.scss
src/pages/integrations/wyre/wyre-details/wyre-details.scss
src/pages/integrations/wyre/wyre.scss
src/pages/merchant/merchant.scss
src/pages/new-feature/new-feature.scss
src/pages/onboarding/add-funds/add-funds.scss
src/pages/onboarding/collect-email/collect-email.scss
src/pages/onboarding/disclaimer/disclaimer.scss
src/pages/onboarding/feature-education/feature-education.scss
src/pages/onboarding/lock-method/lock-method.scss
src/pages/onboarding/recovery-key/recovery-key.scss
src/pages/paper-wallet/paper-wallet.scss
src/pages/pin/pin-dots/pin-dots.scss
src/pages/pin/pin-modal/pin-modal.scss
src/pages/pin/pin-pad/pin-pad.scss
src/pages/receive/custom-amount/custom-amount.scss
src/pages/scan/scan.scss
src/pages/send/amount/amount.scss
src/pages/send/confirm/confirm.scss
src/pages/send/select-inputs/select-inputs.scss
src/pages/send/send.scss
src/pages/send/transfer-to-modal/transfer-to-modal.scss
src/pages/send/transfer-to/transfer-to.scss
src/pages/settings/about/about.scss
src/pages/settings/about/session-log/session-log.scss
src/pages/settings/addressbook/add/add.scss
src/pages/settings/addressbook/addressbook.scss
src/pages/settings/addressbook/view/view.scss
src/pages/settings/advanced/advanced.scss
src/pages/settings/advanced/wallet-recover-page/wallet-mnemonic-recover-page/wallet-mnemonic-recover.scss
src/pages/settings/bitpay-id/bitpay-id.scss
src/pages/settings/fee-policy/fee-policy.scss
src/pages/settings/key-settings/clear-encrypt-password/clear-encrypt-password.scss
src/pages/settings/key-settings/extended-private-key/extended-private-key.scss
src/pages/settings/key-settings/key-name/key-name.scss
src/pages/settings/key-settings/key-onboarding/key-onboarding.scss
src/pages/settings/key-settings/key-qr-export/key-qr-export.scss
src/pages/settings/key-settings/key-settings.scss
src/pages/settings/local-theme/local-theme.scss
src/pages/settings/lock/lock.scss
src/pages/settings/navigation/navigation.scss
src/pages/settings/notifications/notifications.scss
src/pages/settings/settings.scss
src/pages/settings/share/share.scss
src/pages/settings/wallet-settings/wallet-name/wallet-name.scss
src/pages/settings/wallet-settings/wallet-settings-advanced/wallet-addresses/all-addresses/all-addresses.scss
src/pages/settings/wallet-settings/wallet-settings-advanced/wallet-addresses/wallet-addresses.scss
src/pages/settings/wallet-settings/wallet-settings.scss
src/pages/slide-to-accept/slide-to-accept.scss
src/pages/templates/wide-header-page/wide-header-page.scss
src/pages/tx-details/tx-details.scss
src/pages/txp-details/txp-details.scss
src/pages/wallet-details/search-tx-modal/search-tx-modal.scss
src/pages/wallet-details/wallet-balance/wallet-balance.scss
src/pages/wallet-details/wallet-details.scss
src/pages/wallets/proposals-notifications/proposals-notifications.scss
src/pages/wallets/wallets.scss
src/theme/dark.scss
src/theme/icons.scss
src/theme/lists.scss
src/theme/mixins.scss
src/theme/modals.scss
src/theme/variables.scss
src/theme/zero-state.scss
