src/app/app.component.ts
src/components/action-sheet/action-sheet.ts
src/components/amount-picker/amount-picker.ts
src/components/encrypt-password/encrypt-password.ts
src/components/exchange-rates/exchange-rates.ts
src/components/expandable-header/expandable-header.ts
src/components/footer-menu/footer-menu.ts
src/components/gift-card-discount-text/gift-card-discount-text.ts
src/components/incoming-data-menu/incoming-data-menu.ts
src/components/info-sheet/info-sheet.ts
src/components/label-tip/label-tip.ts
src/components/memo-component/memo-component.ts
src/components/needs-backup/needs-backup.ts
src/components/options-sheet/options-sheet.ts
src/components/phone-sheet/phone-sheet.ts
src/components/wallet-receive/wallet-receive.ts
src/components/wallet-selector/wallet-selector.ts
src/components/wallet-tab-options/wallet-tab-options.ts
src/directives/fixed-scroll-bg-color/fixed-scroll-bg-color.ts
src/directives/ion-content-background-color/ion-content-background-color.ts
src/directives/ion-mask/ion-mask.ts
src/directives/navbar-bg/navbar-bg.ts
src/directives/reveal-at-scroll-pos/reveal-at-scroll-pos.ts
src/directives/scrolled-into-view/scrolled-into-view.ts
src/pages/add/copayers/copayers.ts
src/pages/add/create-eth-multisig/create-eth-multisig.ts
src/pages/add/import-wallet/import-wallet.ts
src/pages/add/join-wallet/join-wallet.ts
src/pages/buy-crypto/crypto-order-summary/crypto-order-summary.ts
src/pages/buy-crypto/crypto-payment-method/crypto-payment-method.ts
src/pages/choose-fee-level/choose-fee-level.ts
src/pages/exchange-crypto/exchange-crypto.ts
src/pages/home/price-page/price-page.ts
src/pages/integrations/gift-cards/buy-card/buy-card.ts
src/pages/integrations/gift-cards/card-catalog/card-catalog.ts
src/pages/integrations/gift-cards/card-details/card-details.ts
src/pages/integrations/gift-cards/card-details/printable-card/printable-card.ts
src/pages/integrations/gift-cards/confirm-card-purchase/confirm-card-purchase.ts
src/pages/integrations/gift-cards/gift-cards-settings/gift-cards-settings.ts
src/pages/integrations/gift-cards/home-gift-cards/gift-card-item/gift-card-item.ts
src/pages/integrations/gift-cards/phone/phone.ts
src/pages/integrations/gift-cards/purchased-cards/card-list-item/card-list-item.ts
src/pages/integrations/gift-cards/purchased-cards/purchased-cards.ts
src/pages/integrations/wallet-connect/wallet-connect.ts
src/pages/merchant/merchant.ts
src/pages/pin/pin-dots/pin-dots.component.ts
src/pages/send/amount/amount.ts
src/pages/send/confirm/confirm.ts
src/pages/send/multi-send/multi-send.ts
src/pages/send/select-inputs/select-inputs.ts
src/pages/send/send.ts
src/pages/settings/addressbook/add/add.ts
src/pages/settings/settings.ts
src/pages/settings/wallet-settings/wallet-settings-advanced/wallet-addresses/wallet-addresses.ts
src/pages/tabs/tabs.ts
src/pages/wallet-details/wallet-details.ts
src/pages/wallets/proposals-notifications/proposals-notifications.ts
src/pages/wallets/wallets.ts
src/providers/action-sheet/action-sheet.ts
src/providers/currency/coin.ts
src/providers/currency/currency.ts
