src/app/app.component.ts
src/components/chart-component/chart-component.ts
src/components/wallet-item-content/wallet-item-content.ts
src/pages/add/create-wallet/create-wallet.ts
src/pages/add/import-wallet/import-wallet.ts
src/pages/add/join-wallet/join-wallet.ts
src/pages/cards/cards.ts
src/pages/coin-and-wallet-selector/coin-and-wallet-selector.ts
src/pages/exchange-crypto/exchange-crypto.ts
src/pages/integrations/bitpay-card/bitpay-card-topup/bitpay-card-topup.ts
src/pages/integrations/gift-cards/confirm-card-purchase/confirm-card-purchase.ts
src/pages/integrations/gift-cards/purchased-cards/card-list-item/card-list-item.ts
src/pages/integrations/wallet-connect/wallet-connect-request-details/wallet-connect-request-details.ts
src/pages/integrations/wyre/wyre-details/wyre-details.ts
src/pages/integrations/wyre/wyre.ts
src/pages/scan/scan.ts
src/pages/send/amount/amount.ts
src/pages/send/confirm/confirm.ts
src/pages/send/multi-send/multi-send.ts
src/pages/send/select-inputs/select-inputs.ts
src/pages/send/send.ts
src/pages/settings/wallet-settings/wallet-settings-advanced/wallet-transaction-history/wallet-transaction-history.ts
src/pages/tabs/tabs.ts
src/pages/tx-details/tx-details.ts
src/pages/wallet-details/wallet-details.ts
src/pages/wallets/wallets.ts
src/pipes/order-by.ts
src/providers/address/address.ts
src/providers/bitpay-card/bitpay-card.ts
src/providers/bwc-error/bwc-error.ts
src/providers/changelly/changelly.ts
src/providers/coinbase/coinbase.ts
src/providers/config/config.ts
src/providers/in-app-browser/card.ts
src/providers/incoming-data/incoming-data.ts
src/providers/new-feature-data/new-feature-data.ts
src/providers/popup/popup.ts
src/providers/profile/profile.ts
src/providers/push-notifications/push-notifications.ts
src/providers/rate/rate.ts
src/providers/tx-format/tx-format.ts
src/providers/wallet-connect/wallet-connect.ts
src/providers/wallet/wallet.ts
src/providers/wyre/wyre.ts
