src/app/app.component.ts
src/components/footer-menu/footer-menu.ts
src/components/gift-card-discount-text/gift-card-discount-text.ts
src/pages/add/copayers/copayers.ts
src/pages/add/create-eth-multisig/create-eth-multisig.ts
src/pages/add/create-wallet/create-wallet.spec.ts
src/pages/add/create-wallet/create-wallet.ts
src/pages/add/custom-token/custom-token.ts
src/pages/add/join-wallet/join-wallet.ts
src/pages/add/select-currency/select-currency.ts
src/pages/buy-crypto/country-selector/country-selector.ts
src/pages/buy-crypto/crypto-order-summary/crypto-order-summary.ts
src/pages/cards/cards.ts
src/pages/choose-fee-level/choose-fee-level.ts
src/pages/exchange-crypto/exchange-checkout/exchange-checkout.ts
src/pages/exchange-crypto/exchange-crypto.ts
src/pages/home/home.ts
src/pages/integrations/bitpay-card/bitpay-card-home/bitpay-card-home.ts
src/pages/integrations/bitpay-card/bitpay-card-intro/bitpay-card-intro.ts
src/pages/integrations/bitpay-card/bitpay-card-phases/phase-one/phase-one-intro-page/phase-one-intro-page.ts
src/pages/integrations/bitpay-card/bitpay-card-topup/bitpay-card-topup.ts
src/pages/integrations/bitpay-card/bitpay-card.ts
src/pages/integrations/bitpay-card/bitpay-settings/bitpay-settings.ts
src/pages/integrations/gift-cards/card-catalog/card-catalog.ts
src/pages/integrations/gift-cards/card-details/card-details.ts
src/pages/integrations/gift-cards/card-details/printable-card/printable-card.ts
src/pages/integrations/gift-cards/confirm-card-purchase/confirm-card-purchase.ts
src/pages/integrations/gift-cards/gift-cards-settings/gift-cards-settings.ts
src/pages/pages.ts
src/pages/paper-wallet/paper-wallet.ts
src/pages/send/amount/amount.ts
src/pages/send/confirm/confirm.ts
src/pages/send/multi-send/multi-send.ts
src/pages/send/select-inputs/select-inputs.ts
src/pages/send/send.spec.ts
src/pages/send/send.ts
src/pages/settings/about/about.ts
src/pages/settings/alt-currency/alt-currency.ts
src/pages/settings/bitpay-id/bitpay-id.ts
src/pages/settings/notifications/notifications.ts
src/pages/settings/settings.ts
src/pages/settings/share/share.ts
src/pages/settings/wallet-settings/wallet-settings-advanced/wallet-duplicate/wallet-duplicate.ts
src/pages/settings/wallet-settings/wallet-settings-advanced/wallet-information/wallet-information.ts
src/pages/settings/wallet-settings/wallet-settings-advanced/wallet-service-url/wallet-service-url.ts
src/pages/settings/wallet-settings/wallet-settings-advanced/wallet-transaction-history/wallet-transaction-history.ts
src/pages/tabs/tabs.ts
src/pages/token-swap/token-swap-checkout/token-swap-checkout.ts
src/pages/tx-details/tx-details.ts
src/pages/txp-details/txp-details.ts
src/pages/wallet-details/wallet-details.ts
src/pages/wallets/proposals-notifications/proposals-notifications.ts
src/pages/wallets/wallets.ts
src/providers/address/address.spec.ts
src/providers/address/address.ts
src/providers/app/app.spec.ts
src/providers/app-identity/app-identity.spec.ts
src/providers/app-identity/app-identity.ts
src/providers/bitpay-account/bitpay-account.ts
src/providers/bitpay/bitpay.ts
src/providers/bitpay-card/bitpay-card.ts
src/providers/bitpay-id/bitpay-id.ts
src/providers/buy-crypto/buy-crypto.ts
src/providers/bwc/bwc.ts
src/providers/bwc-error/bwc-error.spec.ts
src/providers/bwc-error/bwc-error.ts
src/providers/changelly/changelly.ts
src/providers/config/config.ts
src/providers/currency/coin.ts
src/providers/currency/currency.ts
src/providers/currency/token.ts
src/providers/gift-card/gift-card.spec.ts
src/providers/gift-card/gift-card.ts
src/providers/gift-card/gift-card.types.ts
src/providers/in-app-browser/card.ts
src/providers/in-app-browser/in-app-browser.ts
src/providers/incoming-data/incoming-data.spec.ts
src/providers/incoming-data/incoming-data.ts
src/providers/index.ts
src/providers/invoice/invoice.ts
src/providers/language/language.ts
src/providers/one-inch/one-inch.ts
src/providers/persistence/persistence.ts
src/providers/profile/profile.spec.ts
src/providers/profile/profile.ts
src/providers/push-notifications/push-notifications.ts
src/providers/rate/rate.ts
src/providers/simplex/simplex.ts
src/providers/tx-format/tx-format.spec.ts
src/providers/tx-format/tx-format.ts
src/providers/wallet-connect/wallet-connect.ts
src/providers/wallet/wallet.spec.ts
src/providers/wallet/wallet.ts
src/providers/zce/zce.ts
src/test.ts
